2026-05-18 20:40:05,691 - INFO - trading_bot - Placing order params: {'symbol': 'BTCUSDT', 'side': 'BUY', 'type': 'MARKET', 'quantity': 4.0}
2026-05-18 20:40:05,693 - INFO - trading_bot - Sending POST request to /fapi/v1/order
2026-05-18 20:40:06,042 - ERROR - trading_bot - Binance API Error - Code: -2014, Message: API-key format invalid.
2026-05-18 20:40:06,045 - ERROR - trading_bot - A runtime error occurred.
Traceback (most recent call last):
  File "C:\Users\roshn\rosnew\trading_bot\cli.py", line 95, in main
    response = order_manager.place_order(
        symbol=symbol,
    ...<3 lines>...
        price=price
    )
  File "C:\Users\roshn\rosnew\trading_bot\bot\orders.py", line 37, in place_order
    response = self.client.send_signed_request("POST", endpoint, params=params)
  File "C:\Users\roshn\rosnew\trading_bot\bot\client.py", line 57, in send_signed_request
    raise Exception(f"Binance API Error [{data['code']}]: {error_msg}")
Exception: Binance API Error [-2014]: API-key format invalid.
2026-05-18 20:41:29,866 - INFO - trading_bot - Placing order params: {'symbol': 'BTCUSDT', 'side': 'SELL', 'type': 'LIMIT', 'quantity': 5.0, 'price': 6000.0, 'timeInForce': 'GTC'}
2026-05-18 20:41:29,866 - INFO - trading_bot - Sending POST request to /fapi/v1/order
2026-05-18 20:41:30,177 - ERROR - trading_bot - Binance API Error - Code: -2014, Message: API-key format invalid.
2026-05-18 20:41:30,179 - ERROR - trading_bot - A runtime error occurred.
Traceback (most recent call last):
  File "C:\Users\roshn\rosnew\trading_bot\cli.py", line 95, in main
    response = order_manager.place_order(
        symbol=symbol,
    ...<3 lines>...
        price=price
    )
  File "C:\Users\roshn\rosnew\trading_bot\bot\orders.py", line 37, in place_order
    response = self.client.send_signed_request("POST", endpoint, params=params)
  File "C:\Users\roshn\rosnew\trading_bot\bot\client.py", line 57, in send_signed_request
    raise Exception(f"Binance API Error [{data['code']}]: {error_msg}")
Exception: Binance API Error [-2014]: API-key format invalid.
2026-05-18 21:33:39,593 - INFO - trading_bot - Placing order params: {'symbol': 'BTCUSDT', 'side': 'BUY', 'type': 'MARKET', 'quantity': 5.0}
2026-05-18 21:33:39,594 - INFO - trading_bot - Sending POST request to /fapi/v1/order
2026-05-18 21:33:40,935 - ERROR - trading_bot - Binance API Error - Code: -2019, Message: Margin is insufficient.
2026-05-18 21:33:40,935 - ERROR - trading_bot - A runtime error occurred.
Traceback (most recent call last):
  File "C:\Users\roshn\rosnew\trading_bot\cli.py", line 95, in main
    response = order_manager.place_order(
        symbol=symbol,
    ...<3 lines>...
        price=price
    )
  File "C:\Users\roshn\rosnew\trading_bot\bot\orders.py", line 37, in place_order
    response = self.client.send_signed_request("POST", endpoint, params=params)
  File "C:\Users\roshn\rosnew\trading_bot\bot\client.py", line 57, in send_signed_request
    raise Exception(f"Binance API Error [{data['code']}]: {error_msg}")
Exception: Binance API Error [-2019]: Margin is insufficient.
2026-05-18 21:36:14,482 - INFO - trading_bot - Placing order params: {'symbol': 'BTCUSDT', 'side': 'BUY', 'type': 'MARKET', 'quantity': 0.001}
2026-05-18 21:36:14,483 - INFO - trading_bot - Sending POST request to /fapi/v1/order
2026-05-18 21:36:14,910 - INFO - trading_bot - Request successful.
2026-05-18 21:38:00,215 - INFO - trading_bot - Placing order params: {'symbol': 'BTCUSDT', 'side': 'SELL', 'type': 'LIMIT', 'quantity': 65000.0, 'price': 70000.0, 'timeInForce': 'GTC'}
2026-05-18 21:38:00,216 - INFO - trading_bot - Sending POST request to /fapi/v1/order
2026-05-18 21:38:00,877 - ERROR - trading_bot - Binance API Error - Code: -4005, Message: Quantity greater than max quantity.
2026-05-18 21:38:00,879 - ERROR - trading_bot - A runtime error occurred.
Traceback (most recent call last):
  File "C:\Users\roshn\rosnew\trading_bot\cli.py", line 95, in main
    response = order_manager.place_order(
        symbol=symbol,
    ...<3 lines>...
        price=price
    )
  File "C:\Users\roshn\rosnew\trading_bot\bot\orders.py", line 37, in place_order
    response = self.client.send_signed_request("POST", endpoint, params=params)
  File "C:\Users\roshn\rosnew\trading_bot\bot\client.py", line 57, in send_signed_request
    raise Exception(f"Binance API Error [{data['code']}]: {error_msg}")
Exception: Binance API Error [-4005]: Quantity greater than max quantity.
2026-05-18 21:38:17,855 - INFO - trading_bot - Placing order params: {'symbol': 'BTCUSDT', 'side': 'SELL', 'type': 'MARKET', 'quantity': 2.0}
2026-05-18 21:38:17,855 - INFO - trading_bot - Sending POST request to /fapi/v1/order
2026-05-18 21:38:18,173 - ERROR - trading_bot - Binance API Error - Code: -2019, Message: Margin is insufficient.
2026-05-18 21:38:18,175 - ERROR - trading_bot - A runtime error occurred.
Traceback (most recent call last):
  File "C:\Users\roshn\rosnew\trading_bot\cli.py", line 95, in main
    response = order_manager.place_order(
        symbol=symbol,
    ...<3 lines>...
        price=price
    )
  File "C:\Users\roshn\rosnew\trading_bot\bot\orders.py", line 37, in place_order
    response = self.client.send_signed_request("POST", endpoint, params=params)
  File "C:\Users\roshn\rosnew\trading_bot\bot\client.py", line 57, in send_signed_request
    raise Exception(f"Binance API Error [{data['code']}]: {error_msg}")
Exception: Binance API Error [-2019]: Margin is insufficient.
2026-05-18 22:06:35,569 - INFO - trading_bot - Placing order params: {'symbol': 'BTCUSDT', 'side': 'BUY', 'type': 'MARKET', 'quantity': 0.001}
2026-05-18 22:06:35,576 - INFO - trading_bot - Sending POST request to /fapi/v1/order
2026-05-18 22:06:36,205 - INFO - trading_bot - Request successful.
2026-05-18 22:06:57,676 - INFO - trading_bot - Placing order params: {'symbol': 'BTCUSDT', 'side': 'SELL', 'type': 'LIMIT', 'quantity': 0.001, 'price': 500.0, 'timeInForce': 'GTC'}
2026-05-18 22:06:57,676 - INFO - trading_bot - Sending POST request to /fapi/v1/order
2026-05-18 22:06:58,264 - ERROR - trading_bot - Binance API Error - Code: -4024, Message: Limit price can't be lower than 72646.41.
2026-05-18 22:06:58,265 - ERROR - trading_bot - A runtime error occurred.
Traceback (most recent call last):
  File "C:\Users\roshn\rosnew\trading_bot\cli.py", line 95, in main
    response = order_manager.place_order(
        symbol=symbol,
    ...<3 lines>...
        price=price
    )
  File "C:\Users\roshn\rosnew\trading_bot\bot\orders.py", line 37, in place_order
    response = self.client.send_signed_request("POST", endpoint, params=params)
  File "C:\Users\roshn\rosnew\trading_bot\bot\client.py", line 57, in send_signed_request
    raise Exception(f"Binance API Error [{data['code']}]: {error_msg}")
Exception: Binance API Error [-4024]: Limit price can't be lower than 72646.41.
2026-05-18 22:07:19,820 - INFO - trading_bot - Placing order params: {'symbol': 'BTCUSDT', 'side': 'SELL', 'type': 'LIMIT', 'quantity': 6.0, 'price': 80000.0, 'timeInForce': 'GTC'}
2026-05-18 22:07:19,821 - INFO - trading_bot - Sending POST request to /fapi/v1/order
2026-05-18 22:07:20,392 - ERROR - trading_bot - Binance API Error - Code: -2019, Message: Margin is insufficient.
2026-05-18 22:07:20,394 - ERROR - trading_bot - A runtime error occurred.
Traceback (most recent call last):
  File "C:\Users\roshn\rosnew\trading_bot\cli.py", line 95, in main
    response = order_manager.place_order(
        symbol=symbol,
    ...<3 lines>...
        price=price
    )
  File "C:\Users\roshn\rosnew\trading_bot\bot\orders.py", line 37, in place_order
    response = self.client.send_signed_request("POST", endpoint, params=params)
  File "C:\Users\roshn\rosnew\trading_bot\bot\client.py", line 57, in send_signed_request
    raise Exception(f"Binance API Error [{data['code']}]: {error_msg}")
Exception: Binance API Error [-2019]: Margin is insufficient.
2026-05-19 09:32:23,434 - INFO - trading_bot - Placing order params: {'symbol': 'BTCUSDT', 'side': 'BUY', 'type': 'MARKET', 'quantity': 0.001}
2026-05-19 09:32:23,448 - INFO - trading_bot - Sending POST request to /fapi/v1/order
2026-05-19 09:32:24,131 - INFO - trading_bot - Request successful.
2026-05-19 09:32:47,662 - INFO - trading_bot - Placing order params: {'symbol': 'BTCUSDT', 'side': 'SELL', 'type': 'LIMIT', 'quantity': 800000.0, 'price': 700000.0, 'timeInForce': 'GTC'}
2026-05-19 09:32:47,663 - INFO - trading_bot - Sending POST request to /fapi/v1/order
2026-05-19 09:32:48,271 - ERROR - trading_bot - Binance API Error - Code: -4005, Message: Quantity greater than max quantity.
2026-05-19 09:32:48,273 - ERROR - trading_bot - A runtime error occurred.
Traceback (most recent call last):
  File "C:\Users\roshn\rosnew\trading_bot\cli.py", line 95, in main
    response = order_manager.place_order(
        symbol=symbol,
    ...<3 lines>...
        price=price
    )
  File "C:\Users\roshn\rosnew\trading_bot\bot\orders.py", line 37, in place_order
    response = self.client.send_signed_request("POST", endpoint, params=params)
  File "C:\Users\roshn\rosnew\trading_bot\bot\client.py", line 60, in send_signed_request
    raise Exception(f"Binance API Error [{data['code']}]: {error_msg}")
Exception: Binance API Error [-4005]: Quantity greater than max quantity.
2026-05-19 09:33:19,544 - INFO - trading_bot - Placing order params: {'symbol': 'BTCUSDT', 'side': 'SELL', 'type': 'LIMIT', 'quantity': 5.0, 'price': 700000.0, 'timeInForce': 'GTC'}
2026-05-19 09:33:19,545 - INFO - trading_bot - Sending POST request to /fapi/v1/order
2026-05-19 09:33:20,234 - ERROR - trading_bot - Binance API Error - Code: -2019, Message: Margin is insufficient.
2026-05-19 09:33:20,235 - ERROR - trading_bot - A runtime error occurred.
Traceback (most recent call last):
  File "C:\Users\roshn\rosnew\trading_bot\cli.py", line 95, in main
    response = order_manager.place_order(
        symbol=symbol,
    ...<3 lines>...
        price=price
    )
  File "C:\Users\roshn\rosnew\trading_bot\bot\orders.py", line 37, in place_order
    response = self.client.send_signed_request("POST", endpoint, params=params)
  File "C:\Users\roshn\rosnew\trading_bot\bot\client.py", line 60, in send_signed_request
    raise Exception(f"Binance API Error [{data['code']}]: {error_msg}")
Exception: Binance API Error [-2019]: Margin is insufficient.
2026-05-19 09:33:37,432 - INFO - trading_bot - Placing order params: {'symbol': 'BTCUSDT', 'side': 'SELL', 'type': 'LIMIT', 'quantity': 7.0, 'price': 5000.0, 'timeInForce': 'GTC'}
2026-05-19 09:33:37,432 - INFO - trading_bot - Sending POST request to /fapi/v1/order
2026-05-19 09:33:38,053 - ERROR - trading_bot - Binance API Error - Code: -4024, Message: Limit price can't be lower than 72884.95.
2026-05-19 09:33:38,055 - ERROR - trading_bot - A runtime error occurred.
Traceback (most recent call last):
  File "C:\Users\roshn\rosnew\trading_bot\cli.py", line 95, in main
    response = order_manager.place_order(
        symbol=symbol,
    ...<3 lines>...
        price=price
    )
  File "C:\Users\roshn\rosnew\trading_bot\bot\orders.py", line 37, in place_order
    response = self.client.send_signed_request("POST", endpoint, params=params)
  File "C:\Users\roshn\rosnew\trading_bot\bot\client.py", line 60, in send_signed_request
    raise Exception(f"Binance API Error [{data['code']}]: {error_msg}")
Exception: Binance API Error [-4024]: Limit price can't be lower than 72884.95.
2026-05-19 09:33:59,310 - INFO - trading_bot - Placing order params: {'symbol': 'BTCUSDT', 'side': 'SELL', 'type': 'LIMIT', 'quantity': 7.0, 'price': 75000.0, 'timeInForce': 'GTC'}
2026-05-19 09:33:59,311 - INFO - trading_bot - Sending POST request to /fapi/v1/order
2026-05-19 09:33:59,667 - ERROR - trading_bot - Binance API Error - Code: -2019, Message: Margin is insufficient.
2026-05-19 09:33:59,668 - ERROR - trading_bot - A runtime error occurred.
Traceback (most recent call last):
  File "C:\Users\roshn\rosnew\trading_bot\cli.py", line 95, in main
    response = order_manager.place_order(
        symbol=symbol,
    ...<3 lines>...
        price=price
    )
  File "C:\Users\roshn\rosnew\trading_bot\bot\orders.py", line 37, in place_order
    response = self.client.send_signed_request("POST", endpoint, params=params)
  File "C:\Users\roshn\rosnew\trading_bot\bot\client.py", line 60, in send_signed_request
    raise Exception(f"Binance API Error [{data['code']}]: {error_msg}")
Exception: Binance API Error [-2019]: Margin is insufficient.
2026-05-19 09:35:00,122 - INFO - trading_bot - Placing order params: {'symbol': 'BTCUSDT', 'side': 'SELL', 'type': 'LIMIT', 'quantity': 0.01, 'price': 75000.0, 'timeInForce': 'GTC'}
2026-05-19 09:35:00,123 - INFO - trading_bot - Sending POST request to /fapi/v1/order
2026-05-19 09:35:00,810 - INFO - trading_bot - Request successful.
